{"level":"info","message":"⌛ Building environment","timeElapsed":256,"timestamp":"2024-04-15T17:16:20.522Z"}
{"level":"info","message":"⌛ Building environment","timeElapsed":220,"timestamp":"2024-04-15T17:16:20.747Z"}
{"level":"info","message":"⌛ Building environment","timeElapsed":120,"timestamp":"2024-04-15T17:16:21.208Z"}
{"level":"info","message":"⌛ Building environment","timeElapsed":117,"timestamp":"2024-04-15T17:16:21.326Z"}
{"level":"info","message":"⌛ Building environment","timeElapsed":137,"timestamp":"2024-04-15T17:16:21.564Z"}
{"level":"info","message":"⌛ Building environment","timeElapsed":207,"timestamp":"2024-04-15T17:16:21.772Z"}
{"level":"info","message":"⌛ Building environment","timeElapsed":108,"timestamp":"2024-04-15T17:16:21.881Z"}
{"level":"info","message":"⌛ Building environment","timeElapsed":138,"timestamp":"2024-04-15T17:16:22.022Z"}
{"level":"info","message":"⌛ Building environment","timeElapsed":157,"timestamp":"2024-04-15T17:16:22.180Z"}
{"level":"info","message":"⌛ Validating src/personajes.wlk","timeElapsed":227,"timestamp":"2024-04-15T17:16:22.410Z"}
{"level":"info","message":"⌛ Building environment","timeElapsed":323,"timestamp":"2024-04-15T17:16:22.736Z"}
{"level":"info","message":"⌛ Validating src/elementos.wlk","timeElapsed":178,"timestamp":"2024-04-15T17:16:22.927Z"}
{"level":"info","message":"⌛ Validating src/elementosTest.wtest","timeElapsed":131,"timestamp":"2024-04-15T17:16:23.061Z"}
{"level":"info","message":"⌛ Validating src/personajesTest.wtest","timeElapsed":133,"timestamp":"2024-04-15T17:16:23.195Z"}
{"level":"info","message":"⌛ Validating src/program.wpgm","timeElapsed":130,"timestamp":"2024-04-15T17:16:23.325Z"}
{"level":"info","message":"⌛ Validating src/juego.wlk","timeElapsed":132,"timestamp":"2024-04-15T17:16:23.457Z"}
{"level":"info","message":"⌛ Validating src/personajes.wlk","timeElapsed":130,"timestamp":"2024-04-15T17:16:23.589Z"}
{"level":"info","message":"⌛ Validating bin/elementos.wlk","timeElapsed":129,"timestamp":"2024-04-15T17:16:23.718Z"}
{"level":"info","message":"⌛ Validating bin/elementosTest.wtest","timeElapsed":124,"timestamp":"2024-04-15T17:16:23.842Z"}
{"level":"info","message":"⌛ Validating bin/personajesTest.wtest","timeElapsed":128,"timestamp":"2024-04-15T17:16:23.971Z"}
{"level":"info","message":"⌛ Validating bin/program.wpgm","timeElapsed":164,"timestamp":"2024-04-15T17:16:24.135Z"}
{"level":"info","message":"⌛ Validating bin/juego.wlk","timeElapsed":128,"timestamp":"2024-04-15T17:16:24.265Z"}
{"level":"info","message":"⌛ Validating bin/personajes.wlk","timeElapsed":129,"timestamp":"2024-04-15T17:16:24.395Z"}
{"level":"info","message":"⌛ Validating src/elementos.wlk","timeElapsed":126,"timestamp":"2024-04-15T17:16:24.522Z"}
{"level":"info","message":"⌛ Validating bin/juego.wlk","timeElapsed":104,"timestamp":"2024-04-15T17:16:25.449Z"}
